<?xml version="1.0" encoding="UTF-8"?>
<!-- Generated by org.testng.reporters.JUnitXMLReporter -->
<testsuite ignored="2" hostname="DESKTOP-35L729R" failures="1" tests="3" name="Car Loan" time="0.06" errors="0" timestamp="2024-12-02T10:22:54 IST">
  <testcase classname="test.Day3" name="MobileloginLoan" time="0.003"/>
  <testcase classname="test.Day3" name="MobilelogoutcarLoan" time="0.011"/>
  <testcase classname="test.Day3" name="webloginCarLoan" time="0.0">
    <failure type="org.testng.TestNGException" message="
Method webloginCarLoan requires 2 parameters but 1 were supplied in the @Test annotation.">
      <![CDATA[org.testng.TestNGException: 
Method webloginCarLoan requires 2 parameters but 1 were supplied in the @Test annotation.
at java.base/java.util.ArrayList.forEach(ArrayList.java:1511)
... Removed 26 stack frames]]>
    </failure>
  </testcase> <!-- webloginCarLoan -->
  <testcase classname="test.Day3" name="ApiCarLoan" time="0.0">
    <ignored/>
  </testcase> <!-- ApiCarLoan -->
  <testcase classname="test.Day3" name="MobilesigncarLoan" time="0.0">
    <ignored/>
  </testcase> <!-- MobilesigncarLoan -->
</testsuite> <!-- Car Loan -->
