<?xml version="1.0" encoding="UTF-8"?>
<!-- Generated by org.testng.reporters.JUnitReportReporter -->
<testsuite hostname="DESKTOP-35L729R" failures="0" tests="7" name="test.Day3" time="0.030" errors="1" timestamp="2024-12-02T10:52:36 IST" skipped="2">
  <testcase classname="test.Day3" name="MobileloginLoan" time="0.004"/>
  <system-out/>
  <testcase classname="test.Day3" name="MobilelogoutcarLoan" time="0.016"/>
  <system-out/>
  <testcase classname="test.Day3" name="webloginCarLoan" time="0.002">
    <error message="
Method webloginCarLoan requires 2 parameters but 1 were supplied in the @Test annotation." type="org.testng.TestNGException">
      <![CDATA[org.testng.TestNGException: 
Method webloginCarLoan requires 2 parameters but 1 were supplied in the @Test annotation.
at org.testng.internal.Parameters.checkParameterTypes(Parameters.java:447)
at org.testng.internal.Parameters.createParametersForMethod(Parameters.java:353)
at org.testng.internal.Parameters.createParameters(Parameters.java:700)
at org.testng.internal.Parameters.handleParameters(Parameters.java:884)
at org.testng.internal.Parameters.handleParameters(Parameters.java:740)
at org.testng.internal.ParameterHandler.handleParameters(ParameterHandler.java:59)
at org.testng.internal.ParameterHandler.createParameters(ParameterHandler.java:38)
at org.testng.internal.TestInvoker$MethodInvocationAgent.invoke(TestInvoker.java:791)
at org.testng.internal.TestInvoker.invokeTestMethods(TestInvoker.java:146)
at org.testng.internal.TestMethodWorker.invokeTestMethods(TestMethodWorker.java:146)
at org.testng.internal.TestMethodWorker.run(TestMethodWorker.java:128)
at java.base/java.util.ArrayList.forEach(ArrayList.java:1511)
at org.testng.TestRunner.privateRun(TestRunner.java:794)
at org.testng.TestRunner.run(TestRunner.java:596)
at org.testng.SuiteRunner.runTest(SuiteRunner.java:377)
at org.testng.SuiteRunner.runSequentially(SuiteRunner.java:371)
at org.testng.SuiteRunner.privateRun(SuiteRunner.java:332)
at org.testng.SuiteRunner.run(SuiteRunner.java:276)
at org.testng.SuiteRunnerWorker.runSuite(SuiteRunnerWorker.java:53)
at org.testng.SuiteRunnerWorker.run(SuiteRunnerWorker.java:96)
at org.testng.TestNG.runSuitesSequentially(TestNG.java:1212)
at org.testng.TestNG.runSuitesLocally(TestNG.java:1134)
at org.testng.TestNG.runSuites(TestNG.java:1063)
at org.testng.TestNG.run(TestNG.java:1031)
at org.testng.remote.AbstractRemoteTestNG.run(AbstractRemoteTestNG.java:115)
at org.testng.remote.RemoteTestNG.initAndRun(RemoteTestNG.java:251)
at org.testng.remote.RemoteTestNG.main(RemoteTestNG.java:77)
]]>
    </error>
  </testcase> <!-- webloginCarLoan -->
  <system-out/>
  <testcase classname="test.Day3" name="ApiCarLoan" time="0.001">
    <skipped/>
  </testcase> <!-- ApiCarLoan -->
  <system-out/>
  <testcase classname="test.Day3" name="MobilelogoutcarLoan" time="0.004"/>
  <system-out/>
  <testcase classname="test.Day3" name="MobilelogoutcarLoan" time="0.003"/>
  <system-out/>
  <testcase classname="test.Day3" name="MobilesigncarLoan">
    <skipped/>
  </testcase> <!-- MobilesigncarLoan -->
  <system-out/>
</testsuite> <!-- test.Day3 -->
